[0.232s] DEBUG:colcon:Command line arguments: ['/usr/bin/colcon', 'build', '--cmake-args', '-DCMAKE_CXX_FLAGS=-w']
[0.232s] DEBUG:colcon:Parsed command line arguments: Namespace(log_base=None, log_level=None, verb_name='build', build_base='build', install_base='install', merge_install=False, symlink_install=False, test_result_base=None, continue_on_error=False, executor='parallel', parallel_workers=20, event_handlers=None, ignore_user_meta=False, metas=['./colcon.meta'], base_paths=['.'], packages_ignore=None, packages_ignore_regex=None, paths=None, packages_up_to=None, packages_up_to_regex=None, packages_above=None, packages_above_and_dependencies=None, packages_above_depth=None, packages_select_by_dep=None, packages_skip_by_dep=None, packages_skip_up_to=None, packages_select_build_failed=False, packages_skip_build_finished=False, packages_select_test_failures=False, packages_skip_test_passed=False, packages_select=None, packages_skip=None, packages_select_regex=None, packages_skip_regex=None, packages_start=None, packages_end=None, allow_overriding=[], cmake_args=['-DCMAKE_CXX_FLAGS=-w'], cmake_target=None, cmake_target_skip_unavailable=False, cmake_clean_cache=False, cmake_clean_first=False, cmake_force_configure=False, ament_cmake_args=None, catkin_cmake_args=None, catkin_skip_building_tests=False, mixin_files=None, mixin=None, verb_parser=<colcon_mixin.mixin.mixin_argument.MixinArgumentDecorator object at 0x75a8764c6c90>, verb_extension=<colcon_core.verb.build.BuildVerb object at 0x75a8765ed850>, main=<bound method BuildVerb.main of <colcon_core.verb.build.BuildVerb object at 0x75a8765ed850>>, mixin_verb=('build',))
[0.295s] Level 1:colcon.colcon_core.package_discovery:discover_packages(colcon_meta) check parameters
[0.295s] Level 1:colcon.colcon_core.package_discovery:discover_packages(recursive) check parameters
[0.296s] Level 1:colcon.colcon_core.package_discovery:discover_packages(ignore) check parameters
[0.296s] Level 1:colcon.colcon_core.package_discovery:discover_packages(path) check parameters
[0.296s] Level 1:colcon.colcon_core.package_discovery:discover_packages(colcon_meta) discover
[0.296s] Level 1:colcon.colcon_core.package_discovery:discover_packages(recursive) discover
[0.296s] INFO:colcon.colcon_core.package_discovery:Crawling recursively for packages in '/home/samuel/Downloads/COIN-D4/cspc_lidar_sdk_ros2_D4_1110'
[0.297s] Level 1:colcon.colcon_core.package_identification:_identify(.) by extensions ['ignore', 'ignore_ament_install']
[0.297s] Level 1:colcon.colcon_core.package_identification:_identify(.) by extension 'ignore'
[0.297s] Level 1:colcon.colcon_core.package_identification:_identify(.) by extension 'ignore_ament_install'
[0.297s] Level 1:colcon.colcon_core.package_identification:_identify(.) by extensions ['colcon_pkg']
[0.297s] Level 1:colcon.colcon_core.package_identification:_identify(.) by extension 'colcon_pkg'
[0.297s] Level 1:colcon.colcon_core.package_identification:_identify(.) by extensions ['colcon_meta']
[0.297s] Level 1:colcon.colcon_core.package_identification:_identify(.) by extension 'colcon_meta'
[0.298s] Level 1:colcon.colcon_core.package_identification:_identify(.) by extensions ['ros']
[0.298s] Level 1:colcon.colcon_core.package_identification:_identify(.) by extension 'ros'
[0.379s] DEBUG:colcon.colcon_core.package_identification:Package '.' with type 'ros.ament_cmake' and name 'cspc_lidar'
[0.379s] Level 1:colcon.colcon_core.package_discovery:discover_packages(recursive) using defaults
[0.379s] Level 1:colcon.colcon_core.package_discovery:discover_packages(ignore) discover
[0.379s] Level 1:colcon.colcon_core.package_discovery:discover_packages(ignore) using defaults
[0.379s] Level 1:colcon.colcon_core.package_discovery:discover_packages(path) discover
[0.379s] Level 1:colcon.colcon_core.package_discovery:discover_packages(path) using defaults
[0.407s] Level 1:colcon.colcon_core.package_discovery:discover_packages(prefix_path) check parameters
[0.407s] Level 1:colcon.colcon_core.package_discovery:discover_packages(prefix_path) discover
[0.410s] DEBUG:colcon.colcon_installed_package_information.package_discovery:Found 285 installed packages in /opt/ros/jazzy
[0.412s] Level 1:colcon.colcon_core.package_discovery:discover_packages(prefix_path) using defaults
[0.453s] Level 5:colcon.colcon_core.verb:set package 'cspc_lidar' build argument 'cmake_args' from command line to '['-DCMAKE_CXX_FLAGS=-w']'
[0.453s] Level 5:colcon.colcon_core.verb:set package 'cspc_lidar' build argument 'cmake_target' from command line to 'None'
[0.454s] Level 5:colcon.colcon_core.verb:set package 'cspc_lidar' build argument 'cmake_target_skip_unavailable' from command line to 'False'
[0.454s] Level 5:colcon.colcon_core.verb:set package 'cspc_lidar' build argument 'cmake_clean_cache' from command line to 'False'
[0.454s] Level 5:colcon.colcon_core.verb:set package 'cspc_lidar' build argument 'cmake_clean_first' from command line to 'False'
[0.454s] Level 5:colcon.colcon_core.verb:set package 'cspc_lidar' build argument 'cmake_force_configure' from command line to 'False'
[0.454s] Level 5:colcon.colcon_core.verb:set package 'cspc_lidar' build argument 'ament_cmake_args' from command line to 'None'
[0.454s] Level 5:colcon.colcon_core.verb:set package 'cspc_lidar' build argument 'catkin_cmake_args' from command line to 'None'
[0.454s] Level 5:colcon.colcon_core.verb:set package 'cspc_lidar' build argument 'catkin_skip_building_tests' from command line to 'False'
[0.454s] DEBUG:colcon.colcon_core.verb:Building package 'cspc_lidar' with the following arguments: {'ament_cmake_args': None, 'build_base': '/home/samuel/Downloads/COIN-D4/cspc_lidar_sdk_ros2_D4_1110/build/cspc_lidar', 'catkin_cmake_args': None, 'catkin_skip_building_tests': False, 'cmake_args': ['-DCMAKE_CXX_FLAGS=-w'], 'cmake_clean_cache': False, 'cmake_clean_first': False, 'cmake_force_configure': False, 'cmake_target': None, 'cmake_target_skip_unavailable': False, 'install_base': '/home/samuel/Downloads/COIN-D4/cspc_lidar_sdk_ros2_D4_1110/install/cspc_lidar', 'merge_install': False, 'path': '/home/samuel/Downloads/COIN-D4/cspc_lidar_sdk_ros2_D4_1110', 'symlink_install': False, 'test_result_base': None}
[0.454s] INFO:colcon.colcon_core.executor:Executing jobs using 'parallel' executor
[0.455s] DEBUG:colcon.colcon_parallel_executor.executor.parallel:run_until_complete
[0.456s] INFO:colcon.colcon_ros.task.ament_cmake.build:Building ROS package in '/home/samuel/Downloads/COIN-D4/cspc_lidar_sdk_ros2_D4_1110' with build type 'ament_cmake'
[0.456s] INFO:colcon.colcon_cmake.task.cmake.build:Building CMake package in '/home/samuel/Downloads/COIN-D4/cspc_lidar_sdk_ros2_D4_1110'
[0.460s] INFO:colcon.colcon_core.plugin_system:Skipping extension 'colcon_core.shell.bat': Not used on non-Windows systems
[0.460s] INFO:colcon.colcon_core.shell:Skip shell extension 'powershell' for command environment: Not usable outside of PowerShell
[0.460s] DEBUG:colcon.colcon_core.shell:Skip shell extension 'dsv' for command environment
[0.473s] DEBUG:colcon.colcon_core.event_handler.log_command:Invoking command in '/home/samuel/Downloads/COIN-D4/cspc_lidar_sdk_ros2_D4_1110/build/cspc_lidar': CMAKE_PREFIX_PATH=${CMAKE_PREFIX_PATH}:/opt/ros/jazzy DEBUGINFOD_URLS=https://debuginfod.ubuntu.com /usr/bin/cmake /home/samuel/Downloads/COIN-D4/cspc_lidar_sdk_ros2_D4_1110 -DCMAKE_CXX_FLAGS=-w -DCMAKE_INSTALL_PREFIX=/home/samuel/Downloads/COIN-D4/cspc_lidar_sdk_ros2_D4_1110/install/cspc_lidar
[2.147s] DEBUG:colcon.colcon_core.event_handler.log_command:Invoked command in '/home/samuel/Downloads/COIN-D4/cspc_lidar_sdk_ros2_D4_1110/build/cspc_lidar' returned '0': CMAKE_PREFIX_PATH=${CMAKE_PREFIX_PATH}:/opt/ros/jazzy DEBUGINFOD_URLS=https://debuginfod.ubuntu.com /usr/bin/cmake /home/samuel/Downloads/COIN-D4/cspc_lidar_sdk_ros2_D4_1110 -DCMAKE_CXX_FLAGS=-w -DCMAKE_INSTALL_PREFIX=/home/samuel/Downloads/COIN-D4/cspc_lidar_sdk_ros2_D4_1110/install/cspc_lidar
[2.149s] DEBUG:colcon.colcon_core.event_handler.log_command:Invoking command in '/home/samuel/Downloads/COIN-D4/cspc_lidar_sdk_ros2_D4_1110/build/cspc_lidar': CMAKE_PREFIX_PATH=${CMAKE_PREFIX_PATH}:/opt/ros/jazzy DEBUGINFOD_URLS=https://debuginfod.ubuntu.com /usr/bin/cmake --build /home/samuel/Downloads/COIN-D4/cspc_lidar_sdk_ros2_D4_1110/build/cspc_lidar -- -j20 -l20
[19.465s] DEBUG:colcon.colcon_core.event_handler.log_command:Invoked command in '/home/samuel/Downloads/COIN-D4/cspc_lidar_sdk_ros2_D4_1110/build/cspc_lidar' returned '0': CMAKE_PREFIX_PATH=${CMAKE_PREFIX_PATH}:/opt/ros/jazzy DEBUGINFOD_URLS=https://debuginfod.ubuntu.com /usr/bin/cmake --build /home/samuel/Downloads/COIN-D4/cspc_lidar_sdk_ros2_D4_1110/build/cspc_lidar -- -j20 -l20
[19.582s] DEBUG:colcon.colcon_core.event_handler.log_command:Invoking command in '/home/samuel/Downloads/COIN-D4/cspc_lidar_sdk_ros2_D4_1110/build/cspc_lidar': CMAKE_PREFIX_PATH=${CMAKE_PREFIX_PATH}:/opt/ros/jazzy DEBUGINFOD_URLS=https://debuginfod.ubuntu.com /usr/bin/cmake --install /home/samuel/Downloads/COIN-D4/cspc_lidar_sdk_ros2_D4_1110/build/cspc_lidar
[19.623s] Level 1:colcon.colcon_core.environment:create_environment_scripts_only(cspc_lidar)
[19.623s] DEBUG:colcon.colcon_core.event_handler.log_command:Invoked command in '/home/samuel/Downloads/COIN-D4/cspc_lidar_sdk_ros2_D4_1110/build/cspc_lidar' returned '0': CMAKE_PREFIX_PATH=${CMAKE_PREFIX_PATH}:/opt/ros/jazzy DEBUGINFOD_URLS=https://debuginfod.ubuntu.com /usr/bin/cmake --install /home/samuel/Downloads/COIN-D4/cspc_lidar_sdk_ros2_D4_1110/build/cspc_lidar
[19.625s] Level 1:colcon.colcon_core.environment:checking '/home/samuel/Downloads/COIN-D4/cspc_lidar_sdk_ros2_D4_1110/install/cspc_lidar' for CMake module files
[19.626s] Level 1:colcon.colcon_core.environment:checking '/home/samuel/Downloads/COIN-D4/cspc_lidar_sdk_ros2_D4_1110/install/cspc_lidar' for CMake config files
[19.626s] Level 1:colcon.colcon_core.shell:create_environment_hook('cspc_lidar', 'cmake_prefix_path')
[19.626s] INFO:colcon.colcon_core.shell:Creating environment hook '/home/samuel/Downloads/COIN-D4/cspc_lidar_sdk_ros2_D4_1110/install/cspc_lidar/share/cspc_lidar/hook/cmake_prefix_path.ps1'
[19.627s] INFO:colcon.colcon_core.shell:Creating environment descriptor '/home/samuel/Downloads/COIN-D4/cspc_lidar_sdk_ros2_D4_1110/install/cspc_lidar/share/cspc_lidar/hook/cmake_prefix_path.dsv'
[19.627s] INFO:colcon.colcon_core.shell:Creating environment hook '/home/samuel/Downloads/COIN-D4/cspc_lidar_sdk_ros2_D4_1110/install/cspc_lidar/share/cspc_lidar/hook/cmake_prefix_path.sh'
[19.628s] Level 1:colcon.colcon_core.environment:checking '/home/samuel/Downloads/COIN-D4/cspc_lidar_sdk_ros2_D4_1110/install/cspc_lidar/lib'
[19.629s] Level 1:colcon.colcon_core.environment:checking '/home/samuel/Downloads/COIN-D4/cspc_lidar_sdk_ros2_D4_1110/install/cspc_lidar/bin'
[19.629s] Level 1:colcon.colcon_core.environment:checking '/home/samuel/Downloads/COIN-D4/cspc_lidar_sdk_ros2_D4_1110/install/cspc_lidar/lib/pkgconfig/cspc_lidar.pc'
[19.629s] Level 1:colcon.colcon_core.environment:checking '/home/samuel/Downloads/COIN-D4/cspc_lidar_sdk_ros2_D4_1110/install/cspc_lidar/lib/python3.12/site-packages'
[19.629s] Level 1:colcon.colcon_core.environment:checking '/home/samuel/Downloads/COIN-D4/cspc_lidar_sdk_ros2_D4_1110/install/cspc_lidar/bin'
[19.629s] INFO:colcon.colcon_core.shell:Creating package script '/home/samuel/Downloads/COIN-D4/cspc_lidar_sdk_ros2_D4_1110/install/cspc_lidar/share/cspc_lidar/package.ps1'
[19.630s] INFO:colcon.colcon_core.shell:Creating package descriptor '/home/samuel/Downloads/COIN-D4/cspc_lidar_sdk_ros2_D4_1110/install/cspc_lidar/share/cspc_lidar/package.dsv'
[19.631s] INFO:colcon.colcon_core.shell:Creating package script '/home/samuel/Downloads/COIN-D4/cspc_lidar_sdk_ros2_D4_1110/install/cspc_lidar/share/cspc_lidar/package.sh'
[19.631s] INFO:colcon.colcon_core.shell:Creating package script '/home/samuel/Downloads/COIN-D4/cspc_lidar_sdk_ros2_D4_1110/install/cspc_lidar/share/cspc_lidar/package.bash'
[19.632s] INFO:colcon.colcon_core.shell:Creating package script '/home/samuel/Downloads/COIN-D4/cspc_lidar_sdk_ros2_D4_1110/install/cspc_lidar/share/cspc_lidar/package.zsh'
[19.632s] Level 1:colcon.colcon_core.environment:create_file_with_runtime_dependencies(/home/samuel/Downloads/COIN-D4/cspc_lidar_sdk_ros2_D4_1110/install/cspc_lidar/share/colcon-core/packages/cspc_lidar)
[19.711s] Level 1:colcon.colcon_core.environment:create_environment_scripts_only(cspc_lidar)
[19.711s] Level 1:colcon.colcon_core.environment:checking '/home/samuel/Downloads/COIN-D4/cspc_lidar_sdk_ros2_D4_1110/install/cspc_lidar' for CMake module files
[19.711s] Level 1:colcon.colcon_core.environment:checking '/home/samuel/Downloads/COIN-D4/cspc_lidar_sdk_ros2_D4_1110/install/cspc_lidar' for CMake config files
[19.712s] Level 1:colcon.colcon_core.shell:create_environment_hook('cspc_lidar', 'cmake_prefix_path')
[19.712s] INFO:colcon.colcon_core.shell:Creating environment hook '/home/samuel/Downloads/COIN-D4/cspc_lidar_sdk_ros2_D4_1110/install/cspc_lidar/share/cspc_lidar/hook/cmake_prefix_path.ps1'
[19.712s] INFO:colcon.colcon_core.shell:Creating environment descriptor '/home/samuel/Downloads/COIN-D4/cspc_lidar_sdk_ros2_D4_1110/install/cspc_lidar/share/cspc_lidar/hook/cmake_prefix_path.dsv'
[19.713s] INFO:colcon.colcon_core.shell:Creating environment hook '/home/samuel/Downloads/COIN-D4/cspc_lidar_sdk_ros2_D4_1110/install/cspc_lidar/share/cspc_lidar/hook/cmake_prefix_path.sh'
[19.713s] Level 1:colcon.colcon_core.environment:checking '/home/samuel/Downloads/COIN-D4/cspc_lidar_sdk_ros2_D4_1110/install/cspc_lidar/lib'
[19.713s] Level 1:colcon.colcon_core.environment:checking '/home/samuel/Downloads/COIN-D4/cspc_lidar_sdk_ros2_D4_1110/install/cspc_lidar/bin'
[19.714s] Level 1:colcon.colcon_core.environment:checking '/home/samuel/Downloads/COIN-D4/cspc_lidar_sdk_ros2_D4_1110/install/cspc_lidar/lib/pkgconfig/cspc_lidar.pc'
[19.714s] Level 1:colcon.colcon_core.environment:checking '/home/samuel/Downloads/COIN-D4/cspc_lidar_sdk_ros2_D4_1110/install/cspc_lidar/lib/python3.12/site-packages'
[19.714s] Level 1:colcon.colcon_core.environment:checking '/home/samuel/Downloads/COIN-D4/cspc_lidar_sdk_ros2_D4_1110/install/cspc_lidar/bin'
[19.714s] INFO:colcon.colcon_core.shell:Creating package script '/home/samuel/Downloads/COIN-D4/cspc_lidar_sdk_ros2_D4_1110/install/cspc_lidar/share/cspc_lidar/package.ps1'
[19.715s] INFO:colcon.colcon_core.shell:Creating package descriptor '/home/samuel/Downloads/COIN-D4/cspc_lidar_sdk_ros2_D4_1110/install/cspc_lidar/share/cspc_lidar/package.dsv'
[19.715s] INFO:colcon.colcon_core.shell:Creating package script '/home/samuel/Downloads/COIN-D4/cspc_lidar_sdk_ros2_D4_1110/install/cspc_lidar/share/cspc_lidar/package.sh'
[19.716s] INFO:colcon.colcon_core.shell:Creating package script '/home/samuel/Downloads/COIN-D4/cspc_lidar_sdk_ros2_D4_1110/install/cspc_lidar/share/cspc_lidar/package.bash'
[19.716s] INFO:colcon.colcon_core.shell:Creating package script '/home/samuel/Downloads/COIN-D4/cspc_lidar_sdk_ros2_D4_1110/install/cspc_lidar/share/cspc_lidar/package.zsh'
[19.716s] Level 1:colcon.colcon_core.environment:create_file_with_runtime_dependencies(/home/samuel/Downloads/COIN-D4/cspc_lidar_sdk_ros2_D4_1110/install/cspc_lidar/share/colcon-core/packages/cspc_lidar)
[19.717s] DEBUG:colcon.colcon_parallel_executor.executor.parallel:closing loop
[19.717s] DEBUG:colcon.colcon_parallel_executor.executor.parallel:loop closed
[19.717s] DEBUG:colcon.colcon_parallel_executor.executor.parallel:run_until_complete finished with '0'
[19.717s] DEBUG:colcon.colcon_core.event_reactor:joining thread
[19.723s] INFO:colcon.colcon_core.plugin_system:Skipping extension 'colcon_notification.desktop_notification.terminal_notifier': Not used on non-Darwin systems
[19.723s] INFO:colcon.colcon_core.plugin_system:Skipping extension 'colcon_notification.desktop_notification.win32': Not used on non-Windows systems
[19.723s] INFO:colcon.colcon_notification.desktop_notification:Sending desktop notification using 'notify2'
[19.741s] DEBUG:colcon.colcon_core.event_reactor:joined thread
[19.742s] INFO:colcon.colcon_core.shell:Creating prefix script '/home/samuel/Downloads/COIN-D4/cspc_lidar_sdk_ros2_D4_1110/install/local_setup.ps1'
[19.743s] INFO:colcon.colcon_core.shell:Creating prefix util module '/home/samuel/Downloads/COIN-D4/cspc_lidar_sdk_ros2_D4_1110/install/_local_setup_util_ps1.py'
[19.744s] INFO:colcon.colcon_core.shell:Creating prefix chain script '/home/samuel/Downloads/COIN-D4/cspc_lidar_sdk_ros2_D4_1110/install/setup.ps1'
[19.745s] INFO:colcon.colcon_core.shell:Creating prefix script '/home/samuel/Downloads/COIN-D4/cspc_lidar_sdk_ros2_D4_1110/install/local_setup.sh'
[19.745s] INFO:colcon.colcon_core.shell:Creating prefix util module '/home/samuel/Downloads/COIN-D4/cspc_lidar_sdk_ros2_D4_1110/install/_local_setup_util_sh.py'
[19.746s] INFO:colcon.colcon_core.shell:Creating prefix chain script '/home/samuel/Downloads/COIN-D4/cspc_lidar_sdk_ros2_D4_1110/install/setup.sh'
[19.747s] INFO:colcon.colcon_core.shell:Creating prefix script '/home/samuel/Downloads/COIN-D4/cspc_lidar_sdk_ros2_D4_1110/install/local_setup.bash'
[19.747s] INFO:colcon.colcon_core.shell:Creating prefix chain script '/home/samuel/Downloads/COIN-D4/cspc_lidar_sdk_ros2_D4_1110/install/setup.bash'
[19.748s] INFO:colcon.colcon_core.shell:Creating prefix script '/home/samuel/Downloads/COIN-D4/cspc_lidar_sdk_ros2_D4_1110/install/local_setup.zsh'
[19.748s] INFO:colcon.colcon_core.shell:Creating prefix chain script '/home/samuel/Downloads/COIN-D4/cspc_lidar_sdk_ros2_D4_1110/install/setup.zsh'
