[0.144s] DEBUG:colcon:Command line arguments: ['/usr/bin/colcon', 'build', '--symlink-install']
[0.144s] DEBUG:colcon:Parsed command line arguments: Namespace(log_base=None, log_level=None, verb_name='build', build_base='build', install_base='install', merge_install=False, symlink_install=True, test_result_base=None, continue_on_error=False, executor='parallel', parallel_workers=20, event_handlers=None, ignore_user_meta=False, metas=['./colcon.meta'], base_paths=['.'], packages_ignore=None, packages_ignore_regex=None, paths=None, packages_up_to=None, packages_up_to_regex=None, packages_above=None, packages_above_and_dependencies=None, packages_above_depth=None, packages_select_by_dep=None, packages_skip_by_dep=None, packages_skip_up_to=None, packages_select_build_failed=False, packages_skip_build_finished=False, packages_select_test_failures=False, packages_skip_test_passed=False, packages_select=None, packages_skip=None, packages_select_regex=None, packages_skip_regex=None, packages_start=None, packages_end=None, allow_overriding=[], cmake_args=None, cmake_target=None, cmake_target_skip_unavailable=False, cmake_clean_cache=False, cmake_clean_first=False, cmake_force_configure=False, ament_cmake_args=None, catkin_cmake_args=None, catkin_skip_building_tests=False, mixin_files=None, mixin=None, verb_parser=<colcon_mixin.mixin.mixin_argument.MixinArgumentDecorator object at 0x7f08f9d86d80>, verb_extension=<colcon_core.verb.build.BuildVerb object at 0x7f08f9edd850>, main=<bound method BuildVerb.main of <colcon_core.verb.build.BuildVerb object at 0x7f08f9edd850>>, mixin_verb=('build',))
[0.194s] Level 1:colcon.colcon_core.package_discovery:discover_packages(colcon_meta) check parameters
[0.195s] Level 1:colcon.colcon_core.package_discovery:discover_packages(recursive) check parameters
[0.195s] Level 1:colcon.colcon_core.package_discovery:discover_packages(ignore) check parameters
[0.195s] Level 1:colcon.colcon_core.package_discovery:discover_packages(path) check parameters
[0.195s] Level 1:colcon.colcon_core.package_discovery:discover_packages(colcon_meta) discover
[0.195s] Level 1:colcon.colcon_core.package_discovery:discover_packages(recursive) discover
[0.195s] INFO:colcon.colcon_core.package_discovery:Crawling recursively for packages in '/home/samuel/Downloads/COIN-D4/cspc_lidar_sdk_ros2_D4_1110'
[0.195s] Level 1:colcon.colcon_core.package_identification:_identify(.) by extensions ['ignore', 'ignore_ament_install']
[0.195s] Level 1:colcon.colcon_core.package_identification:_identify(.) by extension 'ignore'
[0.195s] Level 1:colcon.colcon_core.package_identification:_identify(.) by extension 'ignore_ament_install'
[0.195s] Level 1:colcon.colcon_core.package_identification:_identify(.) by extensions ['colcon_pkg']
[0.195s] Level 1:colcon.colcon_core.package_identification:_identify(.) by extension 'colcon_pkg'
[0.195s] Level 1:colcon.colcon_core.package_identification:_identify(.) by extensions ['colcon_meta']
[0.195s] Level 1:colcon.colcon_core.package_identification:_identify(.) by extension 'colcon_meta'
[0.196s] Level 1:colcon.colcon_core.package_identification:_identify(.) by extensions ['ros']
[0.196s] Level 1:colcon.colcon_core.package_identification:_identify(.) by extension 'ros'
[0.233s] DEBUG:colcon.colcon_core.package_identification:Package '.' with type 'ros.ament_cmake' and name 'cspc_lidar'
[0.233s] Level 1:colcon.colcon_core.package_discovery:discover_packages(recursive) using defaults
[0.233s] Level 1:colcon.colcon_core.package_discovery:discover_packages(ignore) discover
[0.233s] Level 1:colcon.colcon_core.package_discovery:discover_packages(ignore) using defaults
[0.233s] Level 1:colcon.colcon_core.package_discovery:discover_packages(path) discover
[0.233s] Level 1:colcon.colcon_core.package_discovery:discover_packages(path) using defaults
[0.257s] Level 1:colcon.colcon_core.package_discovery:discover_packages(prefix_path) check parameters
[0.257s] Level 1:colcon.colcon_core.package_discovery:discover_packages(prefix_path) discover
[0.259s] DEBUG:colcon.colcon_installed_package_information.package_discovery:Found 1 installed packages in /home/samuel/Downloads/COIN-D4/cspc_lidar_sdk_ros2_D4_1110/install
[0.261s] DEBUG:colcon.colcon_installed_package_information.package_discovery:Found 285 installed packages in /opt/ros/jazzy
[0.263s] Level 1:colcon.colcon_core.package_discovery:discover_packages(prefix_path) using defaults
[0.308s] Level 5:colcon.colcon_core.verb:set package 'cspc_lidar' build argument 'cmake_args' from command line to 'None'
[0.308s] Level 5:colcon.colcon_core.verb:set package 'cspc_lidar' build argument 'cmake_target' from command line to 'None'
[0.308s] Level 5:colcon.colcon_core.verb:set package 'cspc_lidar' build argument 'cmake_target_skip_unavailable' from command line to 'False'
[0.308s] Level 5:colcon.colcon_core.verb:set package 'cspc_lidar' build argument 'cmake_clean_cache' from command line to 'False'
[0.308s] Level 5:colcon.colcon_core.verb:set package 'cspc_lidar' build argument 'cmake_clean_first' from command line to 'False'
[0.308s] Level 5:colcon.colcon_core.verb:set package 'cspc_lidar' build argument 'cmake_force_configure' from command line to 'False'
[0.308s] Level 5:colcon.colcon_core.verb:set package 'cspc_lidar' build argument 'ament_cmake_args' from command line to 'None'
[0.308s] Level 5:colcon.colcon_core.verb:set package 'cspc_lidar' build argument 'catkin_cmake_args' from command line to 'None'
[0.308s] Level 5:colcon.colcon_core.verb:set package 'cspc_lidar' build argument 'catkin_skip_building_tests' from command line to 'False'
[0.308s] DEBUG:colcon.colcon_core.verb:Building package 'cspc_lidar' with the following arguments: {'ament_cmake_args': None, 'build_base': '/home/samuel/Downloads/COIN-D4/cspc_lidar_sdk_ros2_D4_1110/build/cspc_lidar', 'catkin_cmake_args': None, 'catkin_skip_building_tests': False, 'cmake_args': None, 'cmake_clean_cache': False, 'cmake_clean_first': False, 'cmake_force_configure': False, 'cmake_target': None, 'cmake_target_skip_unavailable': False, 'install_base': '/home/samuel/Downloads/COIN-D4/cspc_lidar_sdk_ros2_D4_1110/install/cspc_lidar', 'merge_install': False, 'path': '/home/samuel/Downloads/COIN-D4/cspc_lidar_sdk_ros2_D4_1110', 'symlink_install': True, 'test_result_base': None}
[0.308s] INFO:colcon.colcon_core.executor:Executing jobs using 'parallel' executor
[0.310s] DEBUG:colcon.colcon_parallel_executor.executor.parallel:run_until_complete
[0.310s] INFO:colcon.colcon_ros.task.ament_cmake.build:Building ROS package in '/home/samuel/Downloads/COIN-D4/cspc_lidar_sdk_ros2_D4_1110' with build type 'ament_cmake'
[0.310s] INFO:colcon.colcon_cmake.task.cmake.build:Building CMake package in '/home/samuel/Downloads/COIN-D4/cspc_lidar_sdk_ros2_D4_1110'
[0.313s] INFO:colcon.colcon_core.plugin_system:Skipping extension 'colcon_core.shell.bat': Not used on non-Windows systems
[0.313s] INFO:colcon.colcon_core.shell:Skip shell extension 'powershell' for command environment: Not usable outside of PowerShell
[0.313s] DEBUG:colcon.colcon_core.shell:Skip shell extension 'dsv' for command environment
[0.327s] DEBUG:colcon.colcon_core.event_handler.log_command:Invoking command in '/home/samuel/Downloads/COIN-D4/cspc_lidar_sdk_ros2_D4_1110/build/cspc_lidar': CMAKE_PREFIX_PATH=${CMAKE_PREFIX_PATH}:/opt/ros/jazzy DEBUGINFOD_URLS=https://debuginfod.ubuntu.com /usr/bin/cmake /home/samuel/Downloads/COIN-D4/cspc_lidar_sdk_ros2_D4_1110 -DAMENT_CMAKE_SYMLINK_INSTALL=1 -DCMAKE_INSTALL_PREFIX=/home/samuel/Downloads/COIN-D4/cspc_lidar_sdk_ros2_D4_1110/install/cspc_lidar
[3.314s] DEBUG:colcon.colcon_core.event_handler.log_command:Invoked command in '/home/samuel/Downloads/COIN-D4/cspc_lidar_sdk_ros2_D4_1110/build/cspc_lidar' returned '0': CMAKE_PREFIX_PATH=${CMAKE_PREFIX_PATH}:/opt/ros/jazzy DEBUGINFOD_URLS=https://debuginfod.ubuntu.com /usr/bin/cmake /home/samuel/Downloads/COIN-D4/cspc_lidar_sdk_ros2_D4_1110 -DAMENT_CMAKE_SYMLINK_INSTALL=1 -DCMAKE_INSTALL_PREFIX=/home/samuel/Downloads/COIN-D4/cspc_lidar_sdk_ros2_D4_1110/install/cspc_lidar
[3.318s] DEBUG:colcon.colcon_core.event_handler.log_command:Invoking command in '/home/samuel/Downloads/COIN-D4/cspc_lidar_sdk_ros2_D4_1110/build/cspc_lidar': CMAKE_PREFIX_PATH=${CMAKE_PREFIX_PATH}:/opt/ros/jazzy DEBUGINFOD_URLS=https://debuginfod.ubuntu.com /usr/bin/cmake --build /home/samuel/Downloads/COIN-D4/cspc_lidar_sdk_ros2_D4_1110/build/cspc_lidar -- -j20 -l20
[3.443s] DEBUG:colcon.colcon_core.event_handler.log_command:Invoked command in '/home/samuel/Downloads/COIN-D4/cspc_lidar_sdk_ros2_D4_1110/build/cspc_lidar' returned '0': CMAKE_PREFIX_PATH=${CMAKE_PREFIX_PATH}:/opt/ros/jazzy DEBUGINFOD_URLS=https://debuginfod.ubuntu.com /usr/bin/cmake --build /home/samuel/Downloads/COIN-D4/cspc_lidar_sdk_ros2_D4_1110/build/cspc_lidar -- -j20 -l20
[3.533s] DEBUG:colcon.colcon_core.event_handler.log_command:Invoking command in '/home/samuel/Downloads/COIN-D4/cspc_lidar_sdk_ros2_D4_1110/build/cspc_lidar': CMAKE_PREFIX_PATH=${CMAKE_PREFIX_PATH}:/opt/ros/jazzy DEBUGINFOD_URLS=https://debuginfod.ubuntu.com /usr/bin/cmake --install /home/samuel/Downloads/COIN-D4/cspc_lidar_sdk_ros2_D4_1110/build/cspc_lidar
[3.563s] Level 1:colcon.colcon_core.environment:create_environment_scripts_only(cspc_lidar)
[3.564s] DEBUG:colcon.colcon_core.event_handler.log_command:Invoked command in '/home/samuel/Downloads/COIN-D4/cspc_lidar_sdk_ros2_D4_1110/build/cspc_lidar' returned '0': CMAKE_PREFIX_PATH=${CMAKE_PREFIX_PATH}:/opt/ros/jazzy DEBUGINFOD_URLS=https://debuginfod.ubuntu.com /usr/bin/cmake --install /home/samuel/Downloads/COIN-D4/cspc_lidar_sdk_ros2_D4_1110/build/cspc_lidar
[3.568s] Level 1:colcon.colcon_core.environment:checking '/home/samuel/Downloads/COIN-D4/cspc_lidar_sdk_ros2_D4_1110/install/cspc_lidar' for CMake module files
[3.569s] Level 1:colcon.colcon_core.environment:checking '/home/samuel/Downloads/COIN-D4/cspc_lidar_sdk_ros2_D4_1110/install/cspc_lidar' for CMake config files
[3.569s] Level 1:colcon.colcon_core.shell:create_environment_hook('cspc_lidar', 'cmake_prefix_path')
[3.570s] INFO:colcon.colcon_core.shell:Creating environment hook '/home/samuel/Downloads/COIN-D4/cspc_lidar_sdk_ros2_D4_1110/install/cspc_lidar/share/cspc_lidar/hook/cmake_prefix_path.ps1'
[3.570s] INFO:colcon.colcon_core.shell:Creating environment descriptor '/home/samuel/Downloads/COIN-D4/cspc_lidar_sdk_ros2_D4_1110/install/cspc_lidar/share/cspc_lidar/hook/cmake_prefix_path.dsv'
[3.571s] INFO:colcon.colcon_core.shell:Creating environment hook '/home/samuel/Downloads/COIN-D4/cspc_lidar_sdk_ros2_D4_1110/install/cspc_lidar/share/cspc_lidar/hook/cmake_prefix_path.sh'
[3.572s] Level 1:colcon.colcon_core.environment:checking '/home/samuel/Downloads/COIN-D4/cspc_lidar_sdk_ros2_D4_1110/install/cspc_lidar/lib'
[3.572s] Level 1:colcon.colcon_core.environment:checking '/home/samuel/Downloads/COIN-D4/cspc_lidar_sdk_ros2_D4_1110/install/cspc_lidar/bin'
[3.572s] Level 1:colcon.colcon_core.environment:checking '/home/samuel/Downloads/COIN-D4/cspc_lidar_sdk_ros2_D4_1110/install/cspc_lidar/lib/pkgconfig/cspc_lidar.pc'
[3.572s] Level 1:colcon.colcon_core.environment:checking '/home/samuel/Downloads/COIN-D4/cspc_lidar_sdk_ros2_D4_1110/install/cspc_lidar/lib/python3.12/site-packages'
[3.573s] Level 1:colcon.colcon_core.environment:checking '/home/samuel/Downloads/COIN-D4/cspc_lidar_sdk_ros2_D4_1110/install/cspc_lidar/bin'
[3.573s] INFO:colcon.colcon_core.shell:Creating package script '/home/samuel/Downloads/COIN-D4/cspc_lidar_sdk_ros2_D4_1110/install/cspc_lidar/share/cspc_lidar/package.ps1'
[3.574s] INFO:colcon.colcon_core.shell:Creating package descriptor '/home/samuel/Downloads/COIN-D4/cspc_lidar_sdk_ros2_D4_1110/install/cspc_lidar/share/cspc_lidar/package.dsv'
[3.574s] INFO:colcon.colcon_core.shell:Creating package script '/home/samuel/Downloads/COIN-D4/cspc_lidar_sdk_ros2_D4_1110/install/cspc_lidar/share/cspc_lidar/package.sh'
[3.575s] INFO:colcon.colcon_core.shell:Creating package script '/home/samuel/Downloads/COIN-D4/cspc_lidar_sdk_ros2_D4_1110/install/cspc_lidar/share/cspc_lidar/package.bash'
[3.576s] INFO:colcon.colcon_core.shell:Creating package script '/home/samuel/Downloads/COIN-D4/cspc_lidar_sdk_ros2_D4_1110/install/cspc_lidar/share/cspc_lidar/package.zsh'
[3.576s] Level 1:colcon.colcon_core.environment:create_file_with_runtime_dependencies(/home/samuel/Downloads/COIN-D4/cspc_lidar_sdk_ros2_D4_1110/install/cspc_lidar/share/colcon-core/packages/cspc_lidar)
[3.652s] Level 1:colcon.colcon_core.environment:create_environment_scripts_only(cspc_lidar)
[3.652s] Level 1:colcon.colcon_core.environment:checking '/home/samuel/Downloads/COIN-D4/cspc_lidar_sdk_ros2_D4_1110/install/cspc_lidar' for CMake module files
[3.654s] Level 1:colcon.colcon_core.environment:checking '/home/samuel/Downloads/COIN-D4/cspc_lidar_sdk_ros2_D4_1110/install/cspc_lidar' for CMake config files
[3.654s] Level 1:colcon.colcon_core.shell:create_environment_hook('cspc_lidar', 'cmake_prefix_path')
[3.655s] INFO:colcon.colcon_core.shell:Creating environment hook '/home/samuel/Downloads/COIN-D4/cspc_lidar_sdk_ros2_D4_1110/install/cspc_lidar/share/cspc_lidar/hook/cmake_prefix_path.ps1'
[3.656s] INFO:colcon.colcon_core.shell:Creating environment descriptor '/home/samuel/Downloads/COIN-D4/cspc_lidar_sdk_ros2_D4_1110/install/cspc_lidar/share/cspc_lidar/hook/cmake_prefix_path.dsv'
[3.657s] INFO:colcon.colcon_core.shell:Creating environment hook '/home/samuel/Downloads/COIN-D4/cspc_lidar_sdk_ros2_D4_1110/install/cspc_lidar/share/cspc_lidar/hook/cmake_prefix_path.sh'
[3.658s] Level 1:colcon.colcon_core.environment:checking '/home/samuel/Downloads/COIN-D4/cspc_lidar_sdk_ros2_D4_1110/install/cspc_lidar/lib'
[3.659s] Level 1:colcon.colcon_core.environment:checking '/home/samuel/Downloads/COIN-D4/cspc_lidar_sdk_ros2_D4_1110/install/cspc_lidar/bin'
[3.659s] Level 1:colcon.colcon_core.environment:checking '/home/samuel/Downloads/COIN-D4/cspc_lidar_sdk_ros2_D4_1110/install/cspc_lidar/lib/pkgconfig/cspc_lidar.pc'
[3.659s] Level 1:colcon.colcon_core.environment:checking '/home/samuel/Downloads/COIN-D4/cspc_lidar_sdk_ros2_D4_1110/install/cspc_lidar/lib/python3.12/site-packages'
[3.660s] Level 1:colcon.colcon_core.environment:checking '/home/samuel/Downloads/COIN-D4/cspc_lidar_sdk_ros2_D4_1110/install/cspc_lidar/bin'
[3.661s] INFO:colcon.colcon_core.shell:Creating package script '/home/samuel/Downloads/COIN-D4/cspc_lidar_sdk_ros2_D4_1110/install/cspc_lidar/share/cspc_lidar/package.ps1'
[3.662s] INFO:colcon.colcon_core.shell:Creating package descriptor '/home/samuel/Downloads/COIN-D4/cspc_lidar_sdk_ros2_D4_1110/install/cspc_lidar/share/cspc_lidar/package.dsv'
[3.663s] INFO:colcon.colcon_core.shell:Creating package script '/home/samuel/Downloads/COIN-D4/cspc_lidar_sdk_ros2_D4_1110/install/cspc_lidar/share/cspc_lidar/package.sh'
[3.664s] INFO:colcon.colcon_core.shell:Creating package script '/home/samuel/Downloads/COIN-D4/cspc_lidar_sdk_ros2_D4_1110/install/cspc_lidar/share/cspc_lidar/package.bash'
[3.665s] INFO:colcon.colcon_core.shell:Creating package script '/home/samuel/Downloads/COIN-D4/cspc_lidar_sdk_ros2_D4_1110/install/cspc_lidar/share/cspc_lidar/package.zsh'
[3.666s] Level 1:colcon.colcon_core.environment:create_file_with_runtime_dependencies(/home/samuel/Downloads/COIN-D4/cspc_lidar_sdk_ros2_D4_1110/install/cspc_lidar/share/colcon-core/packages/cspc_lidar)
[3.667s] DEBUG:colcon.colcon_parallel_executor.executor.parallel:closing loop
[3.668s] DEBUG:colcon.colcon_parallel_executor.executor.parallel:loop closed
[3.668s] DEBUG:colcon.colcon_parallel_executor.executor.parallel:run_until_complete finished with '0'
[3.668s] DEBUG:colcon.colcon_core.event_reactor:joining thread
[3.677s] INFO:colcon.colcon_core.plugin_system:Skipping extension 'colcon_notification.desktop_notification.terminal_notifier': Not used on non-Darwin systems
[3.677s] INFO:colcon.colcon_core.plugin_system:Skipping extension 'colcon_notification.desktop_notification.win32': Not used on non-Windows systems
[3.677s] INFO:colcon.colcon_notification.desktop_notification:Sending desktop notification using 'notify2'
[3.697s] DEBUG:colcon.colcon_core.event_reactor:joined thread
[3.698s] INFO:colcon.colcon_core.shell:Creating prefix script '/home/samuel/Downloads/COIN-D4/cspc_lidar_sdk_ros2_D4_1110/install/local_setup.ps1'
[3.700s] INFO:colcon.colcon_core.shell:Creating prefix util module '/home/samuel/Downloads/COIN-D4/cspc_lidar_sdk_ros2_D4_1110/install/_local_setup_util_ps1.py'
[3.702s] INFO:colcon.colcon_core.shell:Creating prefix chain script '/home/samuel/Downloads/COIN-D4/cspc_lidar_sdk_ros2_D4_1110/install/setup.ps1'
[3.703s] INFO:colcon.colcon_core.shell:Creating prefix script '/home/samuel/Downloads/COIN-D4/cspc_lidar_sdk_ros2_D4_1110/install/local_setup.sh'
[3.703s] INFO:colcon.colcon_core.shell:Creating prefix util module '/home/samuel/Downloads/COIN-D4/cspc_lidar_sdk_ros2_D4_1110/install/_local_setup_util_sh.py'
[3.704s] INFO:colcon.colcon_core.shell:Creating prefix chain script '/home/samuel/Downloads/COIN-D4/cspc_lidar_sdk_ros2_D4_1110/install/setup.sh'
[3.705s] INFO:colcon.colcon_core.shell:Creating prefix script '/home/samuel/Downloads/COIN-D4/cspc_lidar_sdk_ros2_D4_1110/install/local_setup.bash'
[3.705s] INFO:colcon.colcon_core.shell:Creating prefix chain script '/home/samuel/Downloads/COIN-D4/cspc_lidar_sdk_ros2_D4_1110/install/setup.bash'
[3.706s] INFO:colcon.colcon_core.shell:Creating prefix script '/home/samuel/Downloads/COIN-D4/cspc_lidar_sdk_ros2_D4_1110/install/local_setup.zsh'
[3.707s] INFO:colcon.colcon_core.shell:Creating prefix chain script '/home/samuel/Downloads/COIN-D4/cspc_lidar_sdk_ros2_D4_1110/install/setup.zsh'
