[33mCMake Warning at /usr/local/share/pcl-1.14/PCLConfig.cmake:240 (find_package):
  By not providing "FindVTK.cmake" in CMAKE_MODULE_PATH this project has
  asked CMake to find a package configuration file provided by "VTK", but
  CMake did not find one.

  Could not find a package configuration file provided by "VTK" with any of
  the following names:

    VTKConfig.cmake
    vtk-config.cmake

  Add the installation prefix of "VTK" to CMAKE_PREFIX_PATH or set "VTK_DIR"
  to a directory containing one of the above files.  If "VTK" provides a
  separate development package or SDK, be sure it has been installed.
Call Stack (most recent call first):
  /usr/local/share/pcl-1.14/PCLConfig.cmake:289 (find_VTK)
  /usr/local/share/pcl-1.14/PCLConfig.cmake:505 (find_external_library)
  CMakeLists.txt:18 (find_package)

[0m
[0m** WARNING ** io features related to vtk will be disabled[0m
In file included from [01m[K/home/samuel/Downloads/COIN-D4/cspc_lidar_sdk_ros2_D4_1110/src/node_lidar_ros.cpp:11[m[K:
[01m[K/home/samuel/Downloads/COIN-D4/cspc_lidar_sdk_ros2_D4_1110/include/cspc_lidar/pcl_conversions/pcl_conversions.h:45:10:[m[K [01;31m[Kfatal error: [m[Kmessage_filters/message_event.h: No such file or directory
   45 | #include [01;31m[K<message_filters/message_event.h>[m[K
      |          [01;31m[K^~~~~~~~~~~~~~~~~~~~~~~~~~~~~~~~~[m[K
compilation terminated.
gmake[2]: *** [CMakeFiles/cspc_lidar.dir/build.make:174: CMakeFiles/cspc_lidar.dir/src/node_lidar_ros.cpp.o] Error 1
gmake[1]: *** [CMakeFiles/Makefile2:137: CMakeFiles/cspc_lidar.dir/all] Error 2
gmake: *** [Makefile:146: all] Error 2
