-- Found ament_cmake: 2.5.2 (/opt/ros/jazzy/share/ament_cmake/cmake)
-- Found rclcpp: 28.1.5 (/opt/ros/jazzy/share/rclcpp/cmake)
-- Found rosidl_generator_c: 4.6.4 (/opt/ros/jazzy/share/rosidl_generator_c/cmake)
-- Found rosidl_generator_cpp: 4.6.4 (/opt/ros/jazzy/share/rosidl_generator_cpp/cmake)
-- Using all available rosidl_typesupport_c: rosidl_typesupport_fastrtps_c;rosidl_typesupport_introspection_c
-- Using all available rosidl_typesupport_cpp: rosidl_typesupport_fastrtps_cpp;rosidl_typesupport_introspection_cpp
-- Found rmw_implementation_cmake: 7.3.1 (/opt/ros/jazzy/share/rmw_implementation_cmake/cmake)
-- Found rmw_fastrtps_cpp: 8.4.1 (/opt/ros/jazzy/share/rmw_fastrtps_cpp/cmake)
-- Using RMW implementation 'rmw_fastrtps_cpp' as default
-- Found sensor_msgs: 5.3.5 (/opt/ros/jazzy/share/sensor_msgs/cmake)
-- Found visualization_msgs: 5.3.5 (/opt/ros/jazzy/share/visualization_msgs/cmake)
-- Found Pcap: /usr/lib/x86_64-linux-gnu/libpcap.so  
[33mCMake Warning at /usr/local/share/pcl-1.14/PCLConfig.cmake:240 (find_package):
  By not providing "FindVTK.cmake" in CMAKE_MODULE_PATH this project has
  asked CMake to find a package configuration file provided by "VTK", but
  CMake did not find one.

  Could not find a package configuration file provided by "VTK" with any of
  the following names:

    VTKConfig.cmake
    vtk-config.cmake

  Add the installation prefix of "VTK" to CMAKE_PREFIX_PATH or set "VTK_DIR"
  to a directory containing one of the above files.  If "VTK" provides a
  separate development package or SDK, be sure it has been installed.
Call Stack (most recent call first):
  /usr/local/share/pcl-1.14/PCLConfig.cmake:289 (find_VTK)
  /usr/local/share/pcl-1.14/PCLConfig.cmake:505 (find_external_library)
  CMakeLists.txt:18 (find_package)

[0m
[0m** WARNING ** io features related to vtk will be disabled[0m
-- looking for PCL_COMMON
-- looking for PCL_OCTREE
-- looking for PCL_GEOMETRY
-- looking for PCL_IO
-- looking for PCL_ML
-- looking for PCL_STEREO
-- Found ament_lint_auto: 0.17.1 (/opt/ros/jazzy/share/ament_lint_auto/cmake)
-- Added test 'copyright' to check source files copyright and LICENSE
-- Added test 'cppcheck' to perform static code analysis on C / C++ code
-- Configured cppcheck include dirs: /home/samuel/Downloads/COIN-D4/cspc_lidar_sdk_ros2_D4_1110/include/cspc_lidar;/home/samuel/Downloads/COIN-D4/cspc_lidar_sdk_ros2_D4_1110/sdk
-- Configured cppcheck exclude dirs and/or files: 
-- Added test 'cpplint' to check C / C++ code against the Google style
-- Configured cpplint exclude dirs and/or files: 
-- Added test 'flake8' to check Python code syntax and style conventions
-- Configured 'flake8' exclude dirs and/or files: 
-- Added test 'lint_cmake' to check CMake code style
-- Added test 'pep257' to check Python code against some of the docstring style conventions in PEP 257
-- Added test 'uncrustify' to check C / C++ code style
-- Configured uncrustify additional arguments: 
-- Added test 'xmllint' to check XML markup files
-- Configuring done (0.6s)
-- Generating done (0.0s)
-- Build files have been written to: /home/samuel/Downloads/COIN-D4/cspc_lidar_sdk_ros2_D4_1110/build/cspc_lidar
[ 11%] [32mBuilding CXX object CMakeFiles/cspc_lidar.dir/src/node_lidar_ros.cpp.o[0m
In file included from [01m[K/home/samuel/Downloads/COIN-D4/cspc_lidar_sdk_ros2_D4_1110/src/node_lidar_ros.cpp:11[m[K:
[01m[K/home/samuel/Downloads/COIN-D4/cspc_lidar_sdk_ros2_D4_1110/include/cspc_lidar/pcl_conversions/pcl_conversions.h:45:10:[m[K [01;31m[Kfatal error: [m[Kmessage_filters/message_event.h: No such file or directory
   45 | #include [01;31m[K<message_filters/message_event.h>[m[K
      |          [01;31m[K^~~~~~~~~~~~~~~~~~~~~~~~~~~~~~~~~[m[K
compilation terminated.
gmake[2]: *** [CMakeFiles/cspc_lidar.dir/build.make:174: CMakeFiles/cspc_lidar.dir/src/node_lidar_ros.cpp.o] Error 1
gmake[1]: *** [CMakeFiles/Makefile2:137: CMakeFiles/cspc_lidar.dir/all] Error 2
gmake: *** [Makefile:146: all] Error 2
