[0.008s] Invoking command in '/home/samuel/Downloads/COIN-D4/cspc_lidar_sdk_ros2_D4_1110/build/cspc_lidar': CMAKE_PREFIX_PATH=${CMAKE_PREFIX_PATH}:/opt/ros/jazzy DEBUGINFOD_URLS=https://debuginfod.ubuntu.com /usr/bin/cmake --build /home/samuel/Downloads/COIN-D4/cspc_lidar_sdk_ros2_D4_1110/build/cspc_lidar -- -j20 -l20
[0.038s] -- Found ament_cmake: 2.5.2 (/opt/ros/jazzy/share/ament_cmake/cmake)
[0.227s] -- Found rclcpp: 28.1.5 (/opt/ros/jazzy/share/rclcpp/cmake)
[0.247s] -- Found rosidl_generator_c: 4.6.4 (/opt/ros/jazzy/share/rosidl_generator_c/cmake)
[0.253s] -- Found rosidl_generator_cpp: 4.6.4 (/opt/ros/jazzy/share/rosidl_generator_cpp/cmake)
[0.261s] -- Using all available rosidl_typesupport_c: rosidl_typesupport_fastrtps_c;rosidl_typesupport_introspection_c
[0.270s] -- Using all available rosidl_typesupport_cpp: rosidl_typesupport_fastrtps_cpp;rosidl_typesupport_introspection_cpp
[0.313s] -- Found rmw_implementation_cmake: 7.3.1 (/opt/ros/jazzy/share/rmw_implementation_cmake/cmake)
[0.314s] -- Found rmw_fastrtps_cpp: 8.4.1 (/opt/ros/jazzy/share/rmw_fastrtps_cpp/cmake)
[0.367s] -- Using RMW implementation 'rmw_fastrtps_cpp' as default
[0.414s] -- Found sensor_msgs: 5.3.5 (/opt/ros/jazzy/share/sensor_msgs/cmake)
[0.454s] -- Found visualization_msgs: 5.3.5 (/opt/ros/jazzy/share/visualization_msgs/cmake)
[0.491s] -- Found Pcap: /usr/lib/x86_64-linux-gnu/libpcap.so  
[0.524s] [33mCMake Warning at /usr/local/share/pcl-1.14/PCLConfig.cmake:240 (find_package):
[0.524s]   By not providing "FindVTK.cmake" in CMAKE_MODULE_PATH this project has
[0.524s]   asked CMake to find a package configuration file provided by "VTK", but
[0.524s]   CMake did not find one.
[0.524s] 
[0.524s]   Could not find a package configuration file provided by "VTK" with any of
[0.524s]   the following names:
[0.525s] 
[0.525s]     VTKConfig.cmake
[0.525s]     vtk-config.cmake
[0.525s] 
[0.525s]   Add the installation prefix of "VTK" to CMAKE_PREFIX_PATH or set "VTK_DIR"
[0.525s]   to a directory containing one of the above files.  If "VTK" provides a
[0.525s]   separate development package or SDK, be sure it has been installed.
[0.525s] Call Stack (most recent call first):
[0.525s]   /usr/local/share/pcl-1.14/PCLConfig.cmake:289 (find_VTK)
[0.525s]   /usr/local/share/pcl-1.14/PCLConfig.cmake:505 (find_external_library)
[0.526s]   CMakeLists.txt:18 (find_package)
[0.526s] 
[0.526s] [0m
[0.526s] [0m** WARNING ** io features related to vtk will be disabled[0m
[0.532s] -- looking for PCL_COMMON
[0.532s] -- looking for PCL_OCTREE
[0.532s] -- looking for PCL_GEOMETRY
[0.533s] -- looking for PCL_IO
[0.533s] -- looking for PCL_ML
[0.533s] -- looking for PCL_STEREO
[0.535s] -- Found ament_lint_auto: 0.17.1 (/opt/ros/jazzy/share/ament_lint_auto/cmake)
[0.612s] -- Added test 'copyright' to check source files copyright and LICENSE
[0.621s] -- Added test 'cppcheck' to perform static code analysis on C / C++ code
[0.621s] -- Configured cppcheck include dirs: /home/samuel/Downloads/COIN-D4/cspc_lidar_sdk_ros2_D4_1110/include/cspc_lidar;/home/samuel/Downloads/COIN-D4/cspc_lidar_sdk_ros2_D4_1110/sdk
[0.621s] -- Configured cppcheck exclude dirs and/or files: 
[0.630s] -- Added test 'cpplint' to check C / C++ code against the Google style
[0.630s] -- Configured cpplint exclude dirs and/or files: 
[0.632s] -- Added test 'flake8' to check Python code syntax and style conventions
[0.632s] -- Configured 'flake8' exclude dirs and/or files: 
[0.634s] -- Added test 'lint_cmake' to check CMake code style
[0.635s] -- Added test 'pep257' to check Python code against some of the docstring style conventions in PEP 257
[0.644s] -- Added test 'uncrustify' to check C / C++ code style
[0.644s] -- Configured uncrustify additional arguments: 
[0.646s] -- Added test 'xmllint' to check XML markup files
[0.647s] -- Configuring done (0.6s)
[0.664s] -- Generating done (0.0s)
[0.666s] -- Build files have been written to: /home/samuel/Downloads/COIN-D4/cspc_lidar_sdk_ros2_D4_1110/build/cspc_lidar
[0.721s] [ 11%] [32mBuilding CXX object CMakeFiles/cspc_lidar.dir/src/node_lidar_ros.cpp.o[0m
[1.578s] In file included from [01m[K/home/samuel/Downloads/COIN-D4/cspc_lidar_sdk_ros2_D4_1110/src/node_lidar_ros.cpp:11[m[K:
[1.578s] [01m[K/home/samuel/Downloads/COIN-D4/cspc_lidar_sdk_ros2_D4_1110/include/cspc_lidar/pcl_conversions/pcl_conversions.h:45:10:[m[K [01;31m[Kfatal error: [m[Kmessage_filters/message_event.h: No such file or directory
[1.578s]    45 | #include [01;31m[K<message_filters/message_event.h>[m[K
[1.579s]       |          [01;31m[K^~~~~~~~~~~~~~~~~~~~~~~~~~~~~~~~~[m[K
[1.579s] compilation terminated.
[1.589s] gmake[2]: *** [CMakeFiles/cspc_lidar.dir/build.make:174: CMakeFiles/cspc_lidar.dir/src/node_lidar_ros.cpp.o] Error 1
[1.589s] gmake[1]: *** [CMakeFiles/Makefile2:137: CMakeFiles/cspc_lidar.dir/all] Error 2
[1.589s] gmake: *** [Makefile:146: all] Error 2
[1.591s] Invoked command in '/home/samuel/Downloads/COIN-D4/cspc_lidar_sdk_ros2_D4_1110/build/cspc_lidar' returned '2': CMAKE_PREFIX_PATH=${CMAKE_PREFIX_PATH}:/opt/ros/jazzy DEBUGINFOD_URLS=https://debuginfod.ubuntu.com /usr/bin/cmake --build /home/samuel/Downloads/COIN-D4/cspc_lidar_sdk_ros2_D4_1110/build/cspc_lidar -- -j20 -l20
