[0.033s] Invoking command in '/home/samuel/Downloads/COIN-D4/cspc_lidar_sdk_ros2_D4_1110/build/cspc_lidar': CMAKE_PREFIX_PATH=${CMAKE_PREFIX_PATH}:/opt/ros/jazzy DEBUGINFOD_URLS=https://debuginfod.ubuntu.com /usr/bin/cmake /home/samuel/Downloads/COIN-D4/cspc_lidar_sdk_ros2_D4_1110 -DAMENT_CMAKE_SYMLINK_INSTALL=1 -DCMAKE_INSTALL_PREFIX=/home/samuel/Downloads/COIN-D4/cspc_lidar_sdk_ros2_D4_1110/install/cspc_lidar
[0.103s] -- Found ament_cmake: 2.5.2 (/opt/ros/jazzy/share/ament_cmake/cmake)
[0.620s] -- Override CMake install command with custom implementation using symlinks instead of copying resources
[0.689s] -- Found rclcpp: 28.1.5 (/opt/ros/jazzy/share/rclcpp/cmake)
[0.768s] -- Found rosidl_generator_c: 4.6.4 (/opt/ros/jazzy/share/rosidl_generator_c/cmake)
[0.788s] -- Found rosidl_generator_cpp: 4.6.4 (/opt/ros/jazzy/share/rosidl_generator_cpp/cmake)
[0.819s] -- Using all available rosidl_typesupport_c: rosidl_typesupport_fastrtps_c;rosidl_typesupport_introspection_c
[0.847s] -- Using all available rosidl_typesupport_cpp: rosidl_typesupport_fastrtps_cpp;rosidl_typesupport_introspection_cpp
[0.992s] -- Found rmw_implementation_cmake: 7.3.1 (/opt/ros/jazzy/share/rmw_implementation_cmake/cmake)
[0.999s] -- Found rmw_fastrtps_cpp: 8.4.1 (/opt/ros/jazzy/share/rmw_fastrtps_cpp/cmake)
[1.173s] -- Using RMW implementation 'rmw_fastrtps_cpp' as default
[1.302s] -- Found sensor_msgs: 5.3.5 (/opt/ros/jazzy/share/sensor_msgs/cmake)
[1.460s] -- Found visualization_msgs: 5.3.5 (/opt/ros/jazzy/share/visualization_msgs/cmake)
[1.616s] [33mCMake Warning at /usr/local/share/pcl-1.14/PCLConfig.cmake:240 (find_package):
[1.616s]   By not providing "FindVTK.cmake" in CMAKE_MODULE_PATH this project has
[1.616s]   asked CMake to find a package configuration file provided by "VTK", but
[1.616s]   CMake did not find one.
[1.616s] 
[1.616s]   Could not find a package configuration file provided by "VTK" with any of
[1.616s]   the following names:
[1.617s] 
[1.617s]     VTKConfig.cmake
[1.617s]     vtk-config.cmake
[1.617s] 
[1.617s]   Add the installation prefix of "VTK" to CMAKE_PREFIX_PATH or set "VTK_DIR"
[1.617s]   to a directory containing one of the above files.  If "VTK" provides a
[1.617s]   separate development package or SDK, be sure it has been installed.
[1.617s] Call Stack (most recent call first):
[1.617s]   /usr/local/share/pcl-1.14/PCLConfig.cmake:289 (find_VTK)
[1.617s]   /usr/local/share/pcl-1.14/PCLConfig.cmake:505 (find_external_library)
[1.617s]   CMakeLists.txt:18 (find_package)
[1.617s] 
[1.617s] [0m
[1.617s] [0m** WARNING ** io features related to vtk will be disabled[0m
[1.634s] -- looking for PCL_COMMON
[1.634s] -- looking for PCL_OCTREE
[1.634s] -- looking for PCL_GEOMETRY
[1.635s] -- looking for PCL_IO
[1.635s] -- looking for PCL_ML
[1.636s] -- looking for PCL_STEREO
[1.641s] -- Found ament_lint_auto: 0.17.1 (/opt/ros/jazzy/share/ament_lint_auto/cmake)
[1.805s] -- Added test 'copyright' to check source files copyright and LICENSE
[1.831s] -- Added test 'cppcheck' to perform static code analysis on C / C++ code
[1.832s] -- Configured cppcheck include dirs: /home/samuel/Downloads/COIN-D4/cspc_lidar_sdk_ros2_D4_1110/include/cspc_lidar;/home/samuel/Downloads/COIN-D4/cspc_lidar_sdk_ros2_D4_1110/sdk
[1.832s] -- Configured cppcheck exclude dirs and/or files: 
[1.857s] -- Added test 'cpplint' to check C / C++ code against the Google style
[1.857s] -- Configured cpplint exclude dirs and/or files: 
[1.860s] -- Added test 'flake8' to check Python code syntax and style conventions
[1.860s] -- Configured 'flake8' exclude dirs and/or files: 
[1.866s] -- Added test 'lint_cmake' to check CMake code style
[1.870s] -- Added test 'pep257' to check Python code against some of the docstring style conventions in PEP 257
[1.890s] -- Added test 'uncrustify' to check C / C++ code style
[1.891s] -- Configured uncrustify additional arguments: 
[1.894s] -- Added test 'xmllint' to check XML markup files
[1.897s] -- Configuring done (1.8s)
[1.923s] -- Generating done (0.0s)
[1.927s] -- Build files have been written to: /home/samuel/Downloads/COIN-D4/cspc_lidar_sdk_ros2_D4_1110/build/cspc_lidar
[1.944s] Invoked command in '/home/samuel/Downloads/COIN-D4/cspc_lidar_sdk_ros2_D4_1110/build/cspc_lidar' returned '0': CMAKE_PREFIX_PATH=${CMAKE_PREFIX_PATH}:/opt/ros/jazzy DEBUGINFOD_URLS=https://debuginfod.ubuntu.com /usr/bin/cmake /home/samuel/Downloads/COIN-D4/cspc_lidar_sdk_ros2_D4_1110 -DAMENT_CMAKE_SYMLINK_INSTALL=1 -DCMAKE_INSTALL_PREFIX=/home/samuel/Downloads/COIN-D4/cspc_lidar_sdk_ros2_D4_1110/install/cspc_lidar
[1.945s] Invoking command in '/home/samuel/Downloads/COIN-D4/cspc_lidar_sdk_ros2_D4_1110/build/cspc_lidar': CMAKE_PREFIX_PATH=${CMAKE_PREFIX_PATH}:/opt/ros/jazzy DEBUGINFOD_URLS=https://debuginfod.ubuntu.com /usr/bin/cmake --build /home/samuel/Downloads/COIN-D4/cspc_lidar_sdk_ros2_D4_1110/build/cspc_lidar -- -j20 -l20
[2.166s] [ 11%] [32mBuilding CXX object CMakeFiles/cspc_lidar.dir/src/node_lidar_ros.cpp.o[0m
[4.591s] In file included from [01m[K/home/samuel/Downloads/COIN-D4/cspc_lidar_sdk_ros2_D4_1110/include/cspc_lidar/pcl_conversions/pcl_conversions.h:45[m[K,
[4.591s]                  from [01m[K/home/samuel/Downloads/COIN-D4/cspc_lidar_sdk_ros2_D4_1110/src/node_lidar_ros.cpp:11[m[K:
[4.591s] [01m[K/home/samuel/Downloads/COIN-D4/cspc_lidar_sdk_ros2_D4_1110/include/cspc_lidar/message_filters/message_filters/message_event.h:18:2:[m[K [01;35m[Kwarning: [m[K#warning before C++23 is a GCC extension
[4.591s]    18 | #[01;35m[Kwarning[m[K This header is obsolete, please include message_filters/message_event.hpp instead
[4.591s]       |  [01;35m[K^~~~~~~[m[K
[4.592s] [01m[K/home/samuel/Downloads/COIN-D4/cspc_lidar_sdk_ros2_D4_1110/include/cspc_lidar/message_filters/message_filters/message_event.h:18:2:[m[K [01;35m[Kwarning: [m[K#warning This header is obsolete, please include message_filters/message_event.hpp instead [[01;35m[K]8;;https://gcc.gnu.org/onlinedocs/gcc/Warning-Options.html#index-Wcpp-Wcpp]8;;[m[K]
[4.592s] In file included from [01m[K/home/samuel/Downloads/COIN-D4/cspc_lidar_sdk_ros2_D4_1110/include/cspc_lidar/pcl_conversions/pcl_conversions.h:46[m[K:
[4.592s] [01m[K/home/samuel/Downloads/COIN-D4/cspc_lidar_sdk_ros2_D4_1110/include/cspc_lidar/message_filters/message_filters/message_traits.h:18:2:[m[K [01;35m[Kwarning: [m[K#warning before C++23 is a GCC extension
[4.592s]    18 | #[01;35m[Kwarning[m[K This header is obsolete, please include message_filters/message_traits.hpp instead
[4.592s]       |  [01;35m[K^~~~~~~[m[K
[4.592s] [01m[K/home/samuel/Downloads/COIN-D4/cspc_lidar_sdk_ros2_D4_1110/include/cspc_lidar/message_filters/message_filters/message_traits.h:18:2:[m[K [01;35m[Kwarning: [m[K#warning This header is obsolete, please include message_filters/message_traits.hpp instead [[01;35m[K]8;;https://gcc.gnu.org/onlinedocs/gcc/Warning-Options.html#index-Wcpp-Wcpp]8;;[m[K]
[4.603s] [01m[K/home/samuel/Downloads/COIN-D4/cspc_lidar_sdk_ros2_D4_1110/include/cspc_lidar/pcl_conversions/pcl_conversions.h:61:10:[m[K [01;31m[Kfatal error: [m[Kpcl_msgs/msg/point_indices.hpp: No such file or directory
[4.604s]    61 | #include [01;31m[K<pcl_msgs/msg/point_indices.hpp>[m[K
[4.604s]       |          [01;31m[K^~~~~~~~~~~~~~~~~~~~~~~~~~~~~~~~[m[K
[4.604s] compilation terminated.
[4.619s] gmake[2]: *** [CMakeFiles/cspc_lidar.dir/build.make:174: CMakeFiles/cspc_lidar.dir/src/node_lidar_ros.cpp.o] Error 1
[4.620s] gmake[1]: *** [CMakeFiles/Makefile2:137: CMakeFiles/cspc_lidar.dir/all] Error 2
[4.620s] gmake: *** [Makefile:146: all] Error 2
[4.623s] Invoked command in '/home/samuel/Downloads/COIN-D4/cspc_lidar_sdk_ros2_D4_1110/build/cspc_lidar' returned '2': CMAKE_PREFIX_PATH=${CMAKE_PREFIX_PATH}:/opt/ros/jazzy DEBUGINFOD_URLS=https://debuginfod.ubuntu.com /usr/bin/cmake --build /home/samuel/Downloads/COIN-D4/cspc_lidar_sdk_ros2_D4_1110/build/cspc_lidar -- -j20 -l20
