[0.021s] Invoking command in '/home/samuel/Downloads/COIN-D4/cspc_lidar_sdk_ros2_D4_1110/build/cspc_lidar': CMAKE_PREFIX_PATH=${CMAKE_PREFIX_PATH}:/opt/ros/jazzy DEBUGINFOD_URLS=https://debuginfod.ubuntu.com /usr/bin/cmake --build /home/samuel/Downloads/COIN-D4/cspc_lidar_sdk_ros2_D4_1110/build/cspc_lidar -- -j20 -l20
[0.275s] [ 11%] [32mBuilding CXX object CMakeFiles/cspc_lidar.dir/sdk/node_lidar.cpp.o[0m
[1.311s] [ 22%] [32m[1mLinking CXX executable cspc_lidar[0m
[1.907s] [100%] Built target cspc_lidar
[1.926s] Invoked command in '/home/samuel/Downloads/COIN-D4/cspc_lidar_sdk_ros2_D4_1110/build/cspc_lidar' returned '0': CMAKE_PREFIX_PATH=${CMAKE_PREFIX_PATH}:/opt/ros/jazzy DEBUGINFOD_URLS=https://debuginfod.ubuntu.com /usr/bin/cmake --build /home/samuel/Downloads/COIN-D4/cspc_lidar_sdk_ros2_D4_1110/build/cspc_lidar -- -j20 -l20
[2.077s] Invoking command in '/home/samuel/Downloads/COIN-D4/cspc_lidar_sdk_ros2_D4_1110/build/cspc_lidar': CMAKE_PREFIX_PATH=${CMAKE_PREFIX_PATH}:/opt/ros/jazzy DEBUGINFOD_URLS=https://debuginfod.ubuntu.com /usr/bin/cmake --install /home/samuel/Downloads/COIN-D4/cspc_lidar_sdk_ros2_D4_1110/build/cspc_lidar
[2.106s] -- Install configuration: ""
[2.107s] -- Execute custom install script
[2.107s] -- Up-to-date symlink: /home/samuel/Downloads/COIN-D4/cspc_lidar_sdk_ros2_D4_1110/install/cspc_lidar/lib/cspc_lidar/cspc_lidar
[2.110s] -- Up-to-date symlink: /home/samuel/Downloads/COIN-D4/cspc_lidar_sdk_ros2_D4_1110/install/cspc_lidar/share/cspc_lidar/launch/lidar_launch.py
[2.110s] -- Up-to-date symlink: /home/samuel/Downloads/COIN-D4/cspc_lidar_sdk_ros2_D4_1110/install/cspc_lidar/share/cspc_lidar/launch/lidar_rviz.py
[2.111s] -- Up-to-date symlink: /home/samuel/Downloads/COIN-D4/cspc_lidar_sdk_ros2_D4_1110/install/cspc_lidar/share/cspc_lidar/params/cspc_lidar.yaml
[2.111s] -- Up-to-date symlink: /home/samuel/Downloads/COIN-D4/cspc_lidar_sdk_ros2_D4_1110/install/cspc_lidar/share/ament_index/resource_index/package_run_dependencies/cspc_lidar
[2.112s] -- Up-to-date symlink: /home/samuel/Downloads/COIN-D4/cspc_lidar_sdk_ros2_D4_1110/install/cspc_lidar/share/ament_index/resource_index/parent_prefix_path/cspc_lidar
[2.112s] -- Up-to-date symlink: /home/samuel/Downloads/COIN-D4/cspc_lidar_sdk_ros2_D4_1110/install/cspc_lidar/share/cspc_lidar/environment/ament_prefix_path.sh
[2.112s] -- Up-to-date symlink: /home/samuel/Downloads/COIN-D4/cspc_lidar_sdk_ros2_D4_1110/install/cspc_lidar/share/cspc_lidar/environment/ament_prefix_path.dsv
[2.113s] -- Up-to-date symlink: /home/samuel/Downloads/COIN-D4/cspc_lidar_sdk_ros2_D4_1110/install/cspc_lidar/share/cspc_lidar/environment/path.sh
[2.114s] -- Up-to-date symlink: /home/samuel/Downloads/COIN-D4/cspc_lidar_sdk_ros2_D4_1110/install/cspc_lidar/share/cspc_lidar/environment/path.dsv
[2.115s] -- Up-to-date symlink: /home/samuel/Downloads/COIN-D4/cspc_lidar_sdk_ros2_D4_1110/install/cspc_lidar/share/cspc_lidar/local_setup.bash
[2.115s] -- Up-to-date symlink: /home/samuel/Downloads/COIN-D4/cspc_lidar_sdk_ros2_D4_1110/install/cspc_lidar/share/cspc_lidar/local_setup.sh
[2.116s] -- Up-to-date symlink: /home/samuel/Downloads/COIN-D4/cspc_lidar_sdk_ros2_D4_1110/install/cspc_lidar/share/cspc_lidar/local_setup.zsh
[2.116s] -- Up-to-date symlink: /home/samuel/Downloads/COIN-D4/cspc_lidar_sdk_ros2_D4_1110/install/cspc_lidar/share/cspc_lidar/local_setup.dsv
[2.117s] -- Symlinking: /home/samuel/Downloads/COIN-D4/cspc_lidar_sdk_ros2_D4_1110/install/cspc_lidar/share/cspc_lidar/package.dsv
[2.150s] -- Up-to-date symlink: /home/samuel/Downloads/COIN-D4/cspc_lidar_sdk_ros2_D4_1110/install/cspc_lidar/share/ament_index/resource_index/packages/cspc_lidar
[2.151s] -- Up-to-date symlink: /home/samuel/Downloads/COIN-D4/cspc_lidar_sdk_ros2_D4_1110/install/cspc_lidar/share/cspc_lidar/cmake/cspc_lidarConfig.cmake
[2.152s] -- Up-to-date symlink: /home/samuel/Downloads/COIN-D4/cspc_lidar_sdk_ros2_D4_1110/install/cspc_lidar/share/cspc_lidar/cmake/cspc_lidarConfig-version.cmake
[2.152s] -- Up-to-date symlink: /home/samuel/Downloads/COIN-D4/cspc_lidar_sdk_ros2_D4_1110/install/cspc_lidar/share/cspc_lidar/package.xml
[2.159s] Invoked command in '/home/samuel/Downloads/COIN-D4/cspc_lidar_sdk_ros2_D4_1110/build/cspc_lidar' returned '0': CMAKE_PREFIX_PATH=${CMAKE_PREFIX_PATH}:/opt/ros/jazzy DEBUGINFOD_URLS=https://debuginfod.ubuntu.com /usr/bin/cmake --install /home/samuel/Downloads/COIN-D4/cspc_lidar_sdk_ros2_D4_1110/build/cspc_lidar
