[0.014s] Invoking command in '/home/samuel/Downloads/COIN-D4/cspc_lidar_sdk_ros2_D4_1110/build/cspc_lidar': CMAKE_PREFIX_PATH=${CMAKE_PREFIX_PATH}:/opt/ros/jazzy DEBUGINFOD_URLS=https://debuginfod.ubuntu.com /usr/bin/cmake /home/samuel/Downloads/COIN-D4/cspc_lidar_sdk_ros2_D4_1110 -DCMAKE_INSTALL_PREFIX=/home/samuel/Downloads/COIN-D4/cspc_lidar_sdk_ros2_D4_1110/install/cspc_lidar
[0.143s] -- The C compiler identification is GNU 13.2.0
[0.322s] -- The CXX compiler identification is GNU 13.2.0
[0.351s] -- Detecting C compiler ABI info
[0.479s] -- Detecting C compiler ABI info - done
[0.490s] -- Check for working C compiler: /usr/bin/cc - skipped
[0.499s] -- Detecting C compile features
[0.499s] -- Detecting C compile features - done
[0.515s] -- Detecting CXX compiler ABI info
[0.651s] -- Detecting CXX compiler ABI info - done
[0.662s] -- Check for working CXX compiler: /usr/bin/c++ - skipped
[0.662s] -- Detecting CXX compile features
[0.663s] -- Detecting CXX compile features - done
[0.668s] -- Found ament_cmake: 2.5.2 (/opt/ros/jazzy/share/ament_cmake/cmake)
[0.861s] -- Found Python3: /usr/bin/python3 (found version "3.12.3") found components: Interpreter 
[1.015s] -- Found rclcpp: 28.1.5 (/opt/ros/jazzy/share/rclcpp/cmake)
[1.084s] -- Found rosidl_generator_c: 4.6.4 (/opt/ros/jazzy/share/rosidl_generator_c/cmake)
[1.102s] -- Found rosidl_generator_cpp: 4.6.4 (/opt/ros/jazzy/share/rosidl_generator_cpp/cmake)
[1.132s] -- Using all available rosidl_typesupport_c: rosidl_typesupport_fastrtps_c;rosidl_typesupport_introspection_c
[1.159s] -- Using all available rosidl_typesupport_cpp: rosidl_typesupport_fastrtps_cpp;rosidl_typesupport_introspection_cpp
[1.278s] -- Found rmw_implementation_cmake: 7.3.1 (/opt/ros/jazzy/share/rmw_implementation_cmake/cmake)
[1.283s] -- Found rmw_fastrtps_cpp: 8.4.1 (/opt/ros/jazzy/share/rmw_fastrtps_cpp/cmake)
[1.421s] -- Found OpenSSL: /usr/lib/x86_64-linux-gnu/libcrypto.so (found version "3.0.13")  
[1.453s] -- Found FastRTPS: /opt/ros/jazzy/include (Required is at least version "2.13") 
[1.483s] -- Using RMW implementation 'rmw_fastrtps_cpp' as default
[1.617s] -- Found sensor_msgs: 5.3.5 (/opt/ros/jazzy/share/sensor_msgs/cmake)
[1.710s] -- Found visualization_msgs: 5.3.5 (/opt/ros/jazzy/share/visualization_msgs/cmake)
[1.771s] [31mCMake Error at CMakeLists.txt:18 (find_package):
[1.771s]   By not providing "FindPCL.cmake" in CMAKE_MODULE_PATH this project has
[1.771s]   asked CMake to find a package configuration file provided by "PCL", but
[1.771s]   CMake did not find one.
[1.771s] 
[1.771s]   Could not find a package configuration file provided by "PCL" (requested
[1.771s]   version 1.10) with any of the following names:
[1.771s] 
[1.771s]     PCLConfig.cmake
[1.771s]     pcl-config.cmake
[1.772s] 
[1.772s]   Add the installation prefix of "PCL" to CMAKE_PREFIX_PATH or set "PCL_DIR"
[1.772s]   to a directory containing one of the above files.  If "PCL" provides a
[1.772s]   separate development package or SDK, be sure it has been installed.
[1.772s] 
[1.772s] [0m
[1.772s] -- Configuring incomplete, errors occurred!
[1.781s] Invoked command in '/home/samuel/Downloads/COIN-D4/cspc_lidar_sdk_ros2_D4_1110/build/cspc_lidar' returned '1': CMAKE_PREFIX_PATH=${CMAKE_PREFIX_PATH}:/opt/ros/jazzy DEBUGINFOD_URLS=https://debuginfod.ubuntu.com /usr/bin/cmake /home/samuel/Downloads/COIN-D4/cspc_lidar_sdk_ros2_D4_1110 -DCMAKE_INSTALL_PREFIX=/home/samuel/Downloads/COIN-D4/cspc_lidar_sdk_ros2_D4_1110/install/cspc_lidar
